<?xml version="1.0" encoding="UTF-8"?>
<beans xmlns="http://www.springframework.org/schema/beans"
	xmlns:xsi="http://www.w3.org/2001/XMLSchema-instance"
	xmlns:context="http://www.springframework.org/schema/context"
	xsi:schemaLocation="http://www.springframework.org/schema/beans http://www.springframework.org/schema/beans/spring-beans-3.0.xsd
		http://www.springframework.org/schema/context http://www.springframework.org/schema/context/spring-context-4.3.xsd">
	<!-- HandlerMapping 설정 -->
	<!--  <bean id="defaultHandlerMapping"
		class="org.springframework.web.servlet.handler.BeanNameUrlHandlerMapping" />-->

	<!-- Controller 설정 -->
	<!--  <bean name="/index.do" class="pack.TestController" />-->
	
	<context:component-scan base-package="pack"/><!-- pack패키지를 스캔을 한다 필요한 클래스를 위해서 -->
	
	<!-- ViewResolver 설정 -->
	<bean id="viewResolver"
		class="org.springframework.web.servlet.view.InternalResourceViewResolver">
		<property name="prefix" value="/" /> <!-- / : 루트 -->
		<property name="suffix" value=".jsp" /><!-- 확장자를 붙인다 ==> list1.jsp, list2.jsp -->
	</bean>
</beans>